<?xml version="1.0" encoding="UTF-8"?>
<!-- Generated by org.testng.reporters.JUnitReportReporter -->
<testsuite skipped="0" hostname="DESKTOP-M3E2BR1" name="testcase.CreateLead" tests="5" failures="0" timestamp="2021-01-10T15:46:38 IST" time="50.399" errors="0">
  <testcase name="executeCreateLead" time="12.001" classname="testcase.CreateLead"/>
  <system-out/>
  <testcase name="executeCreateLead" time="10.257" classname="testcase.CreateLead"/>
  <system-out/>
  <testcase name="executeCreateLead" time="9.795" classname="testcase.CreateLead"/>
  <system-out/>
  <testcase name="executeCreateLead" time="9.589" classname="testcase.CreateLead"/>
  <system-out/>
  <testcase name="executeCreateLead" time="8.757" classname="testcase.CreateLead"/>
  <system-out/>
</testsuite> <!-- testcase.CreateLead -->
