<?xml version="1.0" encoding="UTF-8"?>
<!-- Generated by org.testng.reporters.JUnitReportReporter -->
<testsuite skipped="0" hostname="DESKTOP-M3E2BR1" name="testng.day1.DeleteLead" tests="1" failures="0" timestamp="2021-01-24T15:24:16 IST" time="14.888" errors="0">
  <testcase name="executeDeleteLead" time="14.888" classname="testng.day1.DeleteLead"/>
  <system-out/>
</testsuite> <!-- testng.day1.DeleteLead -->
