<?xml version="1.0" encoding="UTF-8"?>
<!-- Generated by org.testng.reporters.JUnitReportReporter -->
<testsuite skipped="0" hostname="DESKTOP-M3E2BR1" name="testng.week6day2_crossbrowsers.CreateLeadByXpath" tests="3" failures="0" timestamp="2021-01-24T17:53:05 IST" time="44.209" errors="0">
  <testcase name="createLead" time="15.514" classname="testng.week6day2_crossbrowsers.CreateLeadByXpath"/>
  <system-out/>
  <testcase name="createLead" time="14.061" classname="testng.week6day2_crossbrowsers.CreateLeadByXpath"/>
  <system-out/>
  <testcase name="createLead" time="14.634" classname="testng.week6day2_crossbrowsers.CreateLeadByXpath"/>
  <system-out/>
</testsuite> <!-- testng.week6day2_crossbrowsers.CreateLeadByXpath -->
