<?xml version="1.0" encoding="UTF-8"?>
<!-- Generated by org.testng.reporters.JUnitReportReporter -->
<testsuite skipped="0" hostname="DESKTOP-M3E2BR1" name="testng.day2_duplicateLead.DuplicateLead" tests="2" failures="0" timestamp="2021-01-11T19:06:55 IST" time="93.415" errors="0">
  <testcase name="executeDuplicateLead" time="21.793" classname="testng.day2_duplicateLead.DuplicateLead"/>
  <system-out/>
  <testcase name="executeDuplicateLead" time="71.622" classname="testng.day2_duplicateLead.DuplicateLead"/>
  <system-out/>
</testsuite> <!-- testng.day2_duplicateLead.DuplicateLead -->
