<?xml version="1.0" encoding="UTF-8"?>
<!-- Generated by org.testng.reporters.JUnitReportReporter -->
<testsuite skipped="0" hostname="DESKTOP-M3E2BR1" name="runner.CrossBrowserRunner" tests="3" failures="0" timestamp="2021-02-16T21:51:32 IST" time="12.742" errors="0">
  <testcase name="runScenario" time="4.251" classname="runner.CrossBrowserRunner"/>
  <system-out/>
  <testcase name="runScenario" time="3.610" classname="runner.CrossBrowserRunner"/>
  <system-out/>
  <testcase name="runScenario" time="4.881" classname="runner.CrossBrowserRunner"/>
  <system-out/>
</testsuite> <!-- runner.CrossBrowserRunner -->
