<?xml version="1.0" encoding="UTF-8"?>
<!-- Generated by org.testng.reporters.JUnitReportReporter -->
<testsuite skipped="0" hostname="DESKTOP-M3E2BR1" name="runner.RunText1" tests="4" failures="0" timestamp="2021-01-23T17:46:39 IST" time="29.481" errors="0">
  <testcase name="runScenario" time="17.423" classname="runner.RunText1"/>
  <system-out/>
  <testcase name="runScenario" time="3.863" classname="runner.RunText1"/>
  <system-out/>
  <testcase name="runScenario" time="4.214" classname="runner.RunText1"/>
  <system-out/>
  <testcase name="runScenario" time="3.981" classname="runner.RunText1"/>
  <system-out/>
</testsuite> <!-- runner.RunText1 -->
