<?xml version="1.0" encoding="UTF-8"?>
<!-- Generated by org.testng.reporters.JUnitReportReporter -->
<testsuite skipped="0" hostname="DESKTOP-M3E2BR1" name="testng.day1.EditLeads" tests="1" failures="0" timestamp="2021-01-11T21:00:35 IST" time="23.173" errors="0">
  <testcase name="executeEditLeads" time="23.173" classname="testng.day1.EditLeads"/>
  <system-out/>
</testsuite> <!-- testng.day1.EditLeads -->
