<?xml version="1.0" encoding="UTF-8"?>
<!-- Generated by org.testng.reporters.JUnitReportReporter -->
<testsuite skipped="0" hostname="DESKTOP-M3E2BR1" name="testng.day1.DeleteLead" tests="1" failures="0" timestamp="2021-01-12T22:29:18 IST" time="12.786" errors="0">
  <testcase name="executeDeleteLead" time="12.786" classname="testng.day1.DeleteLead"/>
  <system-out/>
</testsuite> <!-- testng.day1.DeleteLead -->
