<?xml version="1.0" encoding="UTF-8"?>
<!-- Generated by org.testng.reporters.JUnitReportReporter -->
<testsuite skipped="0" hostname="DESKTOP-M3E2BR1" name="weeklyAssignments.LearningStatic" tests="2" failures="0" timestamp="2021-02-20T18:38:59 IST" time="0.008" errors="0">
  <testcase name="printMe" time="0.001" classname="weeklyAssignments.LearningStatic"/>
  <system-out/>
  <testcase name="printIt" time="0.007" classname="weeklyAssignments.LearningStatic"/>
  <system-out/>
</testsuite> <!-- weeklyAssignments.LearningStatic -->
