<?xml version="1.0" encoding="UTF-8"?>
<!-- Generated by org.testng.reporters.JUnitReportReporter -->
<testsuite skipped="0" hostname="DESKTOP-M3E2BR1" name="testng.day2_editLead.EditLeads$DuplicateLead" tests="3" failures="0" timestamp="2021-01-11T19:23:43 IST" time="49.394" errors="0">
  <testcase name="executeEditLeads" time="17.786" classname="testng.day2_editLead.EditLeads$DuplicateLead"/>
  <system-out/>
  <testcase name="executeEditLeads" time="16.279" classname="testng.day2_editLead.EditLeads$DuplicateLead"/>
  <system-out/>
  <testcase name="executeEditLeads" time="15.329" classname="testng.day2_editLead.EditLeads$DuplicateLead"/>
  <system-out/>
</testsuite> <!-- testng.day2_editLead.EditLeads$DuplicateLead -->
