<?xml version="1.0" encoding="UTF-8"?>
<!-- Generated by org.testng.reporters.JUnitReportReporter -->
<testsuite skipped="0" hostname="DESKTOP-M3E2BR1" name="testng.day2_learnDependency.DeleteLead" tests="1" failures="0" timestamp="2021-01-12T22:35:48 IST" time="16.360" errors="0">
  <testcase name="executeDeleteLead" time="16.360" classname="testng.day2_learnDependency.DeleteLead"/>
  <system-out/>
</testsuite> <!-- testng.day2_learnDependency.DeleteLead -->
