<?xml version="1.0" encoding="UTF-8"?>
<!-- Generated by org.testng.reporters.JUnitReportReporter -->
<testsuite skipped="0" hostname="DESKTOP-M3E2BR1" name="weeklyAssignments.MobileWebApplication" tests="1" failures="0" timestamp="2021-02-16T05:24:19 IST" time="6.969" errors="0">
  <testcase name="accessMobileWeb" time="6.969" classname="weeklyAssignments.MobileWebApplication"/>
  <system-out/>
</testsuite> <!-- weeklyAssignments.MobileWebApplication -->
