<?xml version="1.0" encoding="UTF-8"?>
<!-- Generated by org.testng.reporters.JUnitReportReporter -->
<testsuite skipped="0" hostname="DESKTOP-M3E2BR1" name="testng.day1.EditLeads" tests="1" failures="0" timestamp="2021-01-24T15:32:38 IST" time="14.953" errors="0">
  <testcase name="executeEditLeads" time="14.953" classname="testng.day1.EditLeads"/>
  <system-out/>
</testsuite> <!-- testng.day1.EditLeads -->
