<?xml version="1.0" encoding="UTF-8"?>
<!-- Generated by org.testng.reporters.JUnitReportReporter -->
<testsuite skipped="0" hostname="DESKTOP-M3E2BR1" name="testng.day1.MergeLead" tests="1" failures="0" timestamp="2021-01-24T15:33:49 IST" time="19.989" errors="0">
  <testcase name="executeMergeLead" time="19.989" classname="testng.day1.MergeLead"/>
  <system-out/>
</testsuite> <!-- testng.day1.MergeLead -->
