<?xml version="1.0" encoding="UTF-8"?>
<!-- Generated by org.testng.reporters.JUnitReportReporter -->
<testsuite skipped="0" hostname="DESKTOP-M3E2BR1" name="testng.week6day2_learnRunningFailedCases.CreateLead" tests="1" failures="0" timestamp="2021-01-24T16:37:51 IST" time="9.767" errors="0">
  <testcase name="executeCreateLead" time="9.767" classname="testng.week6day2_learnRunningFailedCases.CreateLead"/>
  <system-out/>
</testsuite> <!-- testng.week6day2_learnRunningFailedCases.CreateLead -->
