<?xml version="1.0" encoding="UTF-8"?>
<!-- Generated by org.testng.reporters.JUnitReportReporter -->
<testsuite skipped="0" hostname="DESKTOP-M3E2BR1" name="testng.day1.CreateLead" tests="1" failures="0" timestamp="2021-02-21T18:54:26 IST" time="8.730" errors="0">
  <testcase name="executeCreateLead" time="8.730" classname="testng.day1.CreateLead"/>
  <system-out/>
</testsuite> <!-- testng.day1.CreateLead -->
