<?xml version="1.0" encoding="UTF-8"?>
<!-- Generated by org.testng.reporters.JUnitReportReporter -->
<testsuite skipped="0" hostname="DESKTOP-M3E2BR1" name="testng.day2_learnDependency.EditLeads" tests="1" failures="0" timestamp="2021-01-12T22:35:48 IST" time="16.377" errors="0">
  <testcase name="executeEditLeads" time="16.377" classname="testng.day2_learnDependency.EditLeads"/>
  <system-out/>
</testsuite> <!-- testng.day2_learnDependency.EditLeads -->
