<?xml version="1.0" encoding="UTF-8"?>
<!-- Generated by org.testng.reporters.JUnitReportReporter -->
<testsuite skipped="0" hostname="DESKTOP-M3E2BR1" name="testng.day1.DuplicateLead" tests="1" failures="0" timestamp="2021-01-24T15:34:38 IST" time="19.126" errors="0">
  <testcase name="executeDuplicateLead" time="19.126" classname="testng.day1.DuplicateLead"/>
  <system-out/>
</testsuite> <!-- testng.day1.DuplicateLead -->
