<?xml version="1.0" encoding="UTF-8"?>
<!-- Generated by org.testng.reporters.JUnitReportReporter -->
<testsuite skipped="0" hostname="DESKTOP-M3E2BR1" name="restAssured.LearningRestAssured" tests="1" failures="0" timestamp="2021-02-15T06:05:38 IST" time="2.199" errors="0">
  <testcase name="rsPost" time="2.199" classname="restAssured.LearningRestAssured"/>
  <system-out/>
</testsuite> <!-- restAssured.LearningRestAssured -->
