<?xml version="1.0" encoding="UTF-8"?>
<!-- Generated by org.testng.reporters.JUnitReportReporter -->
<testsuite skipped="0" hostname="DESKTOP-M3E2BR1" name="testng.day2.CreateLead" tests="6" failures="0" timestamp="2021-01-11T15:25:59 IST" time="62.189" errors="0">
  <testcase name="executeCreateLead" time="8.450" classname="testng.day2.CreateLead"/>
  <system-out/>
  <testcase name="executeCreateLead" time="10.059" classname="testng.day2.CreateLead"/>
  <system-out/>
  <testcase name="executeCreateLead" time="11.171" classname="testng.day2.CreateLead"/>
  <system-out/>
  <testcase name="executeCreateLead" time="11.426" classname="testng.day2.CreateLead"/>
  <system-out/>
  <testcase name="executeCreateLead" time="9.546" classname="testng.day2.CreateLead"/>
  <system-out/>
  <testcase name="executeCreateLead" time="11.537" classname="testng.day2.CreateLead"/>
  <system-out/>
</testsuite> <!-- testng.day2.CreateLead -->
