<?xml version="1.0" encoding="UTF-8"?>
<!-- Generated by org.testng.reporters.JUnitReportReporter -->
<testsuite skipped="0" hostname="DESKTOP-M3E2BR1" name="testcase.MergeLead" tests="1" failures="0" timestamp="2021-01-09T22:25:35 IST" time="19.409" errors="0">
  <testcase name="executeMergeLead" time="19.409" classname="testcase.MergeLead"/>
  <system-out/>
</testsuite> <!-- testcase.MergeLead -->
