<?xml version="1.0" encoding="UTF-8"?>
<!-- Generated by org.testng.reporters.JUnitReportReporter -->
<testsuite skipped="0" hostname="DESKTOP-M3E2BR1" name="runner.RunText" tests="1" failures="0" timestamp="2021-01-23T16:31:20 IST" time="5.247" errors="0">
  <testcase name="runScenario" time="5.247" classname="runner.RunText"/>
  <system-out/>
</testsuite> <!-- runner.RunText -->
