<?xml version="1.0" encoding="UTF-8"?>
<!-- Generated by org.testng.reporters.JUnitReportReporter -->
<testsuite skipped="0" hostname="DESKTOP-M3E2BR1" name="runner.RunnerServiceNow" tests="1" failures="0" timestamp="2021-02-01T10:42:01 IST" time="42.449" errors="0">
  <testcase name="runScenario" time="42.449" classname="runner.RunnerServiceNow"/>
  <system-out/>
</testsuite> <!-- runner.RunnerServiceNow -->
