<?xml version="1.0" encoding="UTF-8"?>
<!-- Generated by org.testng.reporters.JUnitReportReporter -->
<testsuite skipped="0" hostname="DESKTOP-M3E2BR1" name="testng.week6day2_learnGroups.DuplicateLead" tests="1" failures="0" timestamp="2021-01-24T16:25:10 IST" time="21.407" errors="0">
  <testcase name="executeDuplicateLead" time="21.407" classname="testng.week6day2_learnGroups.DuplicateLead"/>
  <system-out/>
</testsuite> <!-- testng.week6day2_learnGroups.DuplicateLead -->
