<?xml version="1.0" encoding="UTF-8"?>
<!-- Generated by org.testng.reporters.JUnitReportReporter -->
<testsuite skipped="0" hostname="DESKTOP-M3E2BR1" name="testng.day1.DuplicateLead" tests="1" failures="0" timestamp="2021-01-11T18:52:56 IST" time="22.405" errors="0">
  <testcase name="executeDuplicateLead" time="22.405" classname="testng.day1.DuplicateLead"/>
  <system-out/>
</testsuite> <!-- testng.day1.DuplicateLead -->
