<?xml version="1.0" encoding="UTF-8"?>
<!-- Generated by org.testng.reporters.JUnitReportReporter -->
<testsuite skipped="0" hostname="DESKTOP-M3E2BR1" name="testng.day1.MergeLead" tests="1" failures="0" timestamp="2021-01-11T19:44:32 IST" time="25.228" errors="0">
  <testcase name="executeMergeLead" time="25.228" classname="testng.day1.MergeLead"/>
  <system-out/>
</testsuite> <!-- testng.day1.MergeLead -->
