<?xml version="1.0" encoding="UTF-8"?>
<!-- Generated by org.testng.reporters.JUnitReportReporter -->
<testsuite skipped="0" hostname="DESKTOP-M3E2BR1" name="testng.day2_mergeLead.MergeLead$DuplicateLead" tests="2" failures="0" timestamp="2021-01-11T19:59:51 IST" time="49.393" errors="0">
  <testcase name="executeMergeLead" time="26.386" classname="testng.day2_mergeLead.MergeLead$DuplicateLead"/>
  <system-out/>
  <testcase name="executeMergeLead" time="23.007" classname="testng.day2_mergeLead.MergeLead$DuplicateLead"/>
  <system-out/>
</testsuite> <!-- testng.day2_mergeLead.MergeLead$DuplicateLead -->
