<?xml version="1.0" encoding="UTF-8"?>
<!-- Generated by org.testng.reporters.JUnitReportReporter -->
<testsuite skipped="0" hostname="DESKTOP-M3E2BR1" name="testcase.DuplicateLead" tests="1" failures="0" timestamp="2021-01-09T22:25:35 IST" time="18.227" errors="0">
  <testcase name="executeDuplicateLead" time="18.227" classname="testcase.DuplicateLead"/>
  <system-out/>
</testsuite> <!-- testcase.DuplicateLead -->
