<?xml version="1.0" encoding="UTF-8"?>
<!-- Generated by org.testng.reporters.JUnitReportReporter -->
<testsuite skipped="0" hostname="DESKTOP-M3E2BR1" name="listeners.MyCode" tests="1" failures="0" timestamp="2021-02-24T05:48:02 IST" time="0.004" errors="0">
  <testcase name="executeMyCode" time="0.004" classname="listeners.MyCode"/>
  <system-out/>
</testsuite> <!-- listeners.MyCode -->
