<?xml version="1.0" encoding="UTF-8"?>
<!-- Generated by org.testng.reporters.JUnitReportReporter -->
<testsuite skipped="0" hostname="DESKTOP-M3E2BR1" name="testcase.DeleteLead" tests="1" failures="0" timestamp="2021-01-09T22:25:35 IST" time="11.792" errors="0">
  <testcase name="executeDeleteLead" time="11.792" classname="testcase.DeleteLead"/>
  <system-out/>
</testsuite> <!-- testcase.DeleteLead -->
